<?xml version="1.0" encoding="UTF-8"?>
<!-- Generated by org.testng.reporters.JUnitReportReporter -->
<testsuite hostname="DESKTOP-BNUNDM5" failures="0" tests="4" name="WebDriverManagement.FactoryTest" time="3.001" errors="1" timestamp="14 mar. 2020 22:01:32 GMT" skipped="3">
  <testcase classname="WebDriverManagement.FactoryTest" name="launchTestAutomationGuruTest" time="0.000">
    <skipped/>
  </testcase> <!-- launchTestAutomationGuruTest -->
  <testcase classname="WebDriverManagement.FactoryTest" name="launchGoogleTest" time="0.000">
    <skipped/>
  </testcase> <!-- launchGoogleTest -->
  <testcase classname="WebDriverManagement.FactoryTest" name="launchYahooTest" time="0.000">
    <skipped/>
  </testcase> <!-- launchYahooTest -->
  <testcase classname="WebDriverManagement.FactoryTest" name="beforeMethod" time="3.001">
    <error message="session not created: This version of ChromeDriver only supports Chrome version 81
Build info: version: &#039;3.141.59&#039;, revision: &#039;e82be7d358&#039;, time: &#039;2018-11-14T08:17:03&#039;
System info: host: &#039;DESKTOP-BNUNDM5&#039;, ip: &#039;192.168.31.23&#039;, os.name: &#039;Windows 10&#039;, os.arch: &#039;amd64&#039;, os.version: &#039;10.0&#039;, java.version: &#039;12.0.1&#039;
Driver info: driver.version: ChromeDriver
remote stacktrace: Backtrace:
	Ordinal0 [0x00305D53+2448723]
	Ordinal0 [0x00238131+1605937]
	Ordinal0 [0x0012F879+522361]
	Ordinal0 [0x000C05F3+67059]
	Ordinal0 [0x000BCD92+52626]
	Ordinal0 [0x000DC127+180519]
	Ordinal0 [0x000DBF2D+180013]
	Ordinal0 [0x000D9E5B+171611]
	Ordinal0 [0x000C1DD8+73176]
	Ordinal0 [0x000C2E50+77392]
	Ordinal0 [0x000C2DE9+77289]
	Ordinal0 [0x0024D6A7+1693351]
	GetHandleVerifier [0x003A3E16+522726]
	GetHandleVerifier [0x003A3B54+522020]
	GetHandleVerifier [0x003B8F67+609079]
	GetHandleVerifier [0x003A4686+524886]
	Ordinal0 [0x00245A8C+1661580]
	Ordinal0 [0x0024F00B+1699851]
	Ordinal0 [0x0024F173+1700211]
	Ordinal0 [0x00264FE5+1789925]
	BaseThreadInitThunk [0x73958494+36]
	RtlAreBitsSet [0x76F941C8+136]
	RtlAreBitsSet [0x76F94198+88]
	(No symbol) [0x00000000]
" type="org.openqa.selenium.SessionNotCreatedException">
      <![CDATA[org.openqa.selenium.SessionNotCreatedException: session not created: This version of ChromeDriver only supports Chrome version 81
Build info: version: '3.141.59', revision: 'e82be7d358', time: '2018-11-14T08:17:03'
System info: host: 'DESKTOP-BNUNDM5', ip: '192.168.31.23', os.name: 'Windows 10', os.arch: 'amd64', os.version: '10.0', java.version: '12.0.1'
Driver info: driver.version: ChromeDriver
remote stacktrace: Backtrace:
Ordinal0 [0x00305D53+2448723]
Ordinal0 [0x00238131+1605937]
Ordinal0 [0x0012F879+522361]
Ordinal0 [0x000C05F3+67059]
Ordinal0 [0x000BCD92+52626]
Ordinal0 [0x000DC127+180519]
Ordinal0 [0x000DBF2D+180013]
Ordinal0 [0x000D9E5B+171611]
Ordinal0 [0x000C1DD8+73176]
Ordinal0 [0x000C2E50+77392]
Ordinal0 [0x000C2DE9+77289]
Ordinal0 [0x0024D6A7+1693351]
GetHandleVerifier [0x003A3E16+522726]
GetHandleVerifier [0x003A3B54+522020]
GetHandleVerifier [0x003B8F67+609079]
GetHandleVerifier [0x003A4686+524886]
Ordinal0 [0x00245A8C+1661580]
Ordinal0 [0x0024F00B+1699851]
Ordinal0 [0x0024F173+1700211]
Ordinal0 [0x00264FE5+1789925]
BaseThreadInitThunk [0x73958494+36]
RtlAreBitsSet [0x76F941C8+136]
RtlAreBitsSet [0x76F94198+88]
(No symbol) [0x00000000]

at java.base/jdk.internal.reflect.NativeConstructorAccessorImpl.newInstance0(Native Method)
at java.base/jdk.internal.reflect.NativeConstructorAccessorImpl.newInstance(NativeConstructorAccessorImpl.java:62)
at java.base/jdk.internal.reflect.DelegatingConstructorAccessorImpl.newInstance(DelegatingConstructorAccessorImpl.java:45)
at java.base/java.lang.reflect.Constructor.newInstanceWithCaller(Constructor.java:500)
at java.base/java.lang.reflect.Constructor.newInstance(Constructor.java:481)
at org.openqa.selenium.remote.W3CHandshakeResponse.lambda$errorHandler$0(W3CHandshakeResponse.java:62)
at org.openqa.selenium.remote.HandshakeResponse.lambda$getResponseFunction$0(HandshakeResponse.java:30)
at org.openqa.selenium.remote.ProtocolHandshake.lambda$createSession$0(ProtocolHandshake.java:126)
at java.base/java.util.stream.ReferencePipeline$3$1.accept(ReferencePipeline.java:195)
at java.base/java.util.Spliterators$ArraySpliterator.tryAdvance(Spliterators.java:958)
at java.base/java.util.stream.ReferencePipeline.forEachWithCancel(ReferencePipeline.java:127)
at java.base/java.util.stream.AbstractPipeline.copyIntoWithCancel(AbstractPipeline.java:502)
at java.base/java.util.stream.AbstractPipeline.copyInto(AbstractPipeline.java:488)
at java.base/java.util.stream.AbstractPipeline.wrapAndCopyInto(AbstractPipeline.java:474)
at java.base/java.util.stream.FindOps$FindOp.evaluateSequential(FindOps.java:150)
at java.base/java.util.stream.AbstractPipeline.evaluate(AbstractPipeline.java:234)
at java.base/java.util.stream.ReferencePipeline.findFirst(ReferencePipeline.java:543)
at org.openqa.selenium.remote.ProtocolHandshake.createSession(ProtocolHandshake.java:128)
at org.openqa.selenium.remote.ProtocolHandshake.createSession(ProtocolHandshake.java:74)
at org.openqa.selenium.remote.HttpCommandExecutor.execute(HttpCommandExecutor.java:136)
at org.openqa.selenium.remote.service.DriverCommandExecutor.execute(DriverCommandExecutor.java:83)
at org.openqa.selenium.remote.RemoteWebDriver.execute(RemoteWebDriver.java:552)
at org.openqa.selenium.remote.RemoteWebDriver.startSession(RemoteWebDriver.java:213)
at org.openqa.selenium.remote.RemoteWebDriver.<init>(RemoteWebDriver.java:131)
at org.openqa.selenium.chrome.ChromeDriver.<init>(ChromeDriver.java:181)
at WebDriverManagement.ChromeDriverManager.createDriver(ChromeDriverManager.java:39)
at WebDriverManagement.DriverManager.getDriver(DriverManager.java:22)
at WebDriverManagement.FactoryTest.beforeMethod(FactoryTest.java:20)
at java.base/jdk.internal.reflect.NativeMethodAccessorImpl.invoke0(Native Method)
at java.base/jdk.internal.reflect.NativeMethodAccessorImpl.invoke(NativeMethodAccessorImpl.java:62)
at java.base/jdk.internal.reflect.DelegatingMethodAccessorImpl.invoke(DelegatingMethodAccessorImpl.java:43)
at java.base/java.lang.reflect.Method.invoke(Method.java:567)
at org.testng.internal.MethodInvocationHelper.invokeMethod(MethodInvocationHelper.java:124)
at org.testng.internal.MethodInvocationHelper.invokeMethodConsideringTimeout(MethodInvocationHelper.java:59)
at org.testng.internal.Invoker.invokeConfigurationMethod(Invoker.java:458)
at org.testng.internal.Invoker.invokeConfigurations(Invoker.java:222)
at org.testng.internal.Invoker.invokeMethod(Invoker.java:523)
at org.testng.internal.Invoker.invokeTestMethod(Invoker.java:719)
at org.testng.internal.Invoker.invokeTestMethods(Invoker.java:989)
at org.testng.internal.TestMethodWorker.invokeTestMethods(TestMethodWorker.java:125)
at org.testng.internal.TestMethodWorker.run(TestMethodWorker.java:109)
at org.testng.TestRunner.privateRun(TestRunner.java:648)
at org.testng.TestRunner.run(TestRunner.java:505)
at org.testng.SuiteRunner.runTest(SuiteRunner.java:455)
at org.testng.SuiteRunner.runSequentially(SuiteRunner.java:450)
at org.testng.SuiteRunner.privateRun(SuiteRunner.java:415)
at org.testng.SuiteRunner.run(SuiteRunner.java:364)
at org.testng.SuiteRunnerWorker.runSuite(SuiteRunnerWorker.java:52)
at org.testng.SuiteRunnerWorker.run(SuiteRunnerWorker.java:84)
at org.testng.TestNG.runSuitesSequentially(TestNG.java:1208)
at org.testng.TestNG.runSuitesLocally(TestNG.java:1137)
at org.testng.TestNG.runSuites(TestNG.java:1049)
at org.testng.TestNG.run(TestNG.java:1017)
at org.testng.remote.AbstractRemoteTestNG.run(AbstractRemoteTestNG.java:115)
at org.testng.remote.RemoteTestNG.initAndRun(RemoteTestNG.java:251)
at org.testng.remote.RemoteTestNG.main(RemoteTestNG.java:77)
]]>
    </error>
  </testcase> <!-- beforeMethod -->
</testsuite> <!-- WebDriverManagement.FactoryTest -->
